<?xml version="1.0" encoding="UTF-8"?>
<!-- Generated by org.testng.reporters.JUnitReportReporter -->
<testsuite hostname="MASAI" failures="0" tests="1" name="tests.Registration" time="23.006" errors="0" timestamp="2025-05-14T16:56:01 IST" skipped="0">
  <testcase classname="tests.Registration" name="Registered" time="23.006"/>
</testsuite> <!-- tests.Registration -->
